#
# A fatal error has been detected by the Java Runtime Environment:
#
#  EXCEPTION_ACCESS_VIOLATION (0xc0000005) at pc=0x00007ff934eabeca, pid=6032, tid=82168
#
# JRE version: OpenJDK Runtime Environment (17.0+35) (build 17+35-2724)
# Java VM: OpenJDK 64-Bit Server VM (17+35-2724, mixed mode, sharing, tiered, compressed oops, compressed class ptrs, g1 gc, windows-amd64)
# Problematic frame:
# V  [jvm.dll+0x73beca]
#
# No core dump will be written. Minidumps are not enabled by default on client versions of Windows
#
# If you would like to submit a bug report, please visit:
#   https://bugreport.java.com/bugreport/crash.jsp
#

---------------  S U M M A R Y ------------

Command Line: -XX:+ShowCodeDetailsInExceptionMessages -agentlib:jdwp=transport=dt_socket,suspend=y,address=localhost:51171 -javaagent:C:\Users\EnriqueMV\eclipse\java-2021-12\eclipse\configuration\org.eclipse.osgi\224\0\.cp\lib\javaagent-shaded.jar -Dfile.encoding=Cp1252 fes.aragon.inicio.Inicio

Host: Intel(R) Core(TM) i5-10400F CPU @ 2.90GHz, 12 cores, 23G,  Windows 10 , 64 bit Build 22000 (10.0.22000.708)
Time: Wed Sep 28 01:37:58 2022 Hora de verano central (México) elapsed time: 2361.830820 seconds (0d 0h 39m 21s)

---------------  T H R E A D  ---------------

Current thread (0x000001ebd9e18b30):  JavaThread "JDWP Transport Listener: dt_socket" daemon [_thread_in_vm, id=82168, stack(0x000000a2d2400000,0x000000a2d2500000)]

Stack: [0x000000a2d2400000,0x000000a2d2500000],  sp=0x000000a2d24ff710,  free space=1021k
Native frames: (J=compiled Java code, j=interpreted, Vv=VM code, C=native code)
V  [jvm.dll+0x73beca]
V  [jvm.dll+0x50476c]
V  [jvm.dll+0x4d0084]
C  [jdwp.dll+0x22e9f]


siginfo: EXCEPTION_ACCESS_VIOLATION (0xc0000005), reading address 0x0000000000550058


Register to memory mapping:

RIP=0x00007ff934eabeca jvm.dll
RAX=0x0000000000000056 is an unknown value
RBX=0x000001ebd91b887b points into unknown readable memory: 69 63 61 73 2f
RCX=0x0000000000550054 is an unknown value
RDX=0x000001ebd9edf1a0 points into unknown readable memory: 0x6172612f7365664c | 4c 66 65 73 2f 61 72 61
RSP=0x000000a2d24ff710 is pointing into the stack for thread: 0x000001ebd9e18b30
RBP=0x000001ebd9d6d8f0 points into unknown readable memory: 0x0000000000000002 | 02 00 00 00 00 00 00 00
RSI=0x0 is NULL
RDI=0xffffffffffffffff is an unknown value
R8 =0x0000000000000084 is an unknown value
R9 =0x0000000000000040 is an unknown value
R10=0x0000000000000080 is an unknown value
R11=0x000000a2d24ff730 is pointing into the stack for thread: 0x000001ebd9e18b30
R12=0x000000a2d24ff868 is pointing into the stack for thread: 0x000001ebd9e18b30
R13=0x0 is NULL
R14=0x0000000800c05af0 is a pointer to class: 
fes.aragon.utilerias.dinamicas.pila.Pila {0x0000000800c05af8}
 - instance size:     2
 - klass size:        71
 - access:            public synchronized 
 - state:             fully_initialized
 - name:              'fes/aragon/utilerias/dinamicas/pila/Pila'
 - super:             'java/lang/Object'
 - sub:               
 - arrays:            NULL
 - methods:           Array<T>(0x000001ebd983c458)
 - method ordering:   Array<T>(0x000001ebd983f8b8)
 - default_methods:   Array<T>(0x0000000000000000)
 - local interfaces:  Array<T>(0x00000008005aef10)
 - trans. interfaces: Array<T>(0x00000008005aef10)
 - constants:         constant pool [88] {0x000001ebd9842bb8} for 'fes/aragon/utilerias/dinamicas/pila/Pila' cache=0x000001ebd9841628
 - class loader data:  loader data: 0x000001ebd9cf8310 for instance a 'jdk/internal/loader/ClassLoaders$AppClassLoader'{0x00000006990635f8}
 - source file:       'Pila.java'
 - source debug extension:       SMAP
Pila.java
Java
*S jdt
*F
1 Pila.java
2 file:/C:/Users/EnriqueMV/OneDrive/Escritorio/Uni%201%20semestre/Estructura%20de%20Datos/Estructura_de_DatosGit/Estructura%20de%20Datos/Herramientas-1/bin/
*L
*E

 - class annotations:       Array<T>(0x0000000000000000)
 - class type annotations:  Array<T>(0x0000000000000000)
 - field annotations:       Array<T>(0x0000000000000000)
 - field type annotations:  Array<T>(0x0000000000000000)
 - generic signature: '
[error occurred during error reporting (printing register info), id 0xc0000005, EXCEPTION_ACCESS_VIOLATION (0xc0000005) at pc=0x00007ff934eacad6]

Registers:
RAX=0x0000000000000056, RBX=0x000001ebd91b887b, RCX=0x0000000000550054, RDX=0x000001ebd9edf1a0
RSP=0x000000a2d24ff710, RBP=0x000001ebd9d6d8f0, RSI=0x0000000000000000, RDI=0xffffffffffffffff
R8 =0x0000000000000084, R9 =0x0000000000000040, R10=0x0000000000000080, R11=0x000000a2d24ff730
R12=0x000000a2d24ff868, R13=0x0000000000000000, R14=0x0000000800c05af0, R15=0x000000a2d24ff890
RIP=0x00007ff934eabeca, EFLAGS=0x0000000000010202

Top of Stack: (sp=0x000000a2d24ff710)
0x000000a2d24ff710:   0000000000000028 0000000800c05af0
0x000000a2d24ff720:   000001ebd9edf1a0 00007ff98d6a76e1
0x000000a2d24ff730:   ffffffffffffffff 00007ff934c7476c
0x000000a2d24ff740:   000001ebd91b887b 000001ebd91b8850
0x000000a2d24ff750:   000001ebd9d6d8f0 00007ff934c7733d
0x000000a2d24ff760:   000001ebd91b8810 00000000000003d8
0x000000a2d24ff770:   000001ebd91b8820 000001ebd91b8bf8
0x000000a2d24ff780:   0000000000002701 000000a2d24ff868
0x000000a2d24ff790:   0000000000000007 000001ebd9e18dd8
0x000000a2d24ff7a0:   0000000698d0bed0 00007ff934c40084
0x000000a2d24ff7b0:   000001ebd9e18b30 000000a2d24ff890
0x000000a2d24ff7c0:   000001ebb144e530 000000a2d24ff890
0x000000a2d24ff7d0:   000001ebd9e18b30 0000000000000000
0x000000a2d24ff7e0:   0000000000000000 0000000000000000
0x000000a2d24ff7f0:   000001ebd9d582a0 00007ff96c322e9f
0x000000a2d24ff800:   000000a2d24ff888 00007ff96c331830 

Instructions: (pc=0x00007ff934eabeca)
0x00007ff934eabdca:   48 83 c4 20 5f e9 fc 87 96 ff cc cc cc cc cc cc
0x00007ff934eabdda:   cc cc cc cc cc cc 48 89 5c 24 08 57 48 83 ec 20
0x00007ff934eabdea:   83 fa 02 8d 42 06 b9 08 00 00 00 49 8b d8 0f 4e
0x00007ff934eabdfa:   c1 48 63 c8 48 83 c1 07 83 e1 f8 48 63 f9 49 8b
0x00007ff934eabe0a:   48 18 48 8b c7 48 f7 d0 48 3b c1 73 16 4c 8d 05
0x00007ff934eabe1a:   8a 48 17 00 48 8b d7 48 8b cb e8 07 eb 96 ff 48
0x00007ff934eabe2a:   8b 4b 18 48 8d 04 39 48 3b 43 20 76 18 45 33 c0
0x00007ff934eabe3a:   48 8b d7 48 8b cb 48 8b 5c 24 30 48 83 c4 20 5f
0x00007ff934eabe4a:   e9 61 e7 96 ff 48 89 43 18 48 8b c1 48 8b 5c 24
0x00007ff934eabe5a:   30 48 83 c4 20 5f c3 cc cc cc cc cc cc cc cc cc
0x00007ff934eabe6a:   cc cc cc cc cc cc 4c 8b d2 4c 8b d9 45 85 c0 7e
0x00007ff934eabe7a:   3c 44 0f b7 49 04 41 8d 40 ff 41 3b c1 44 0f 4c
0x00007ff934eabe8a:   c8 4d 63 c1 45 85 c9 7e 1f 48 8b c2 4c 2b da 49
0x00007ff934eabe9a:   8b d0 0f 1f 40 00 41 0f b6 4c 03 06 88 08 48 8d
0x00007ff934eabeaa:   40 01 48 83 ea 01 75 ee 43 c6 04 10 00 49 8b c2
0x00007ff934eabeba:   c3 cc cc cc cc cc 48 89 5c 24 08 57 48 83 ec 20
0x00007ff934eabeca:   0f b7 59 04 48 8b f9 33 d2 48 8d 4b 01 e8 14 9b
0x00007ff934eabeda:   f8 ff 0f b7 57 04 4c 8b c0 3b da 0f 42 d3 44 8b
0x00007ff934eabeea:   ca 85 d2 74 39 48 2b f8 0f 1f 40 00 66 66 0f 1f
0x00007ff934eabefa:   84 00 00 00 00 00 0f b6 4c 07 06 88 08 48 ff c0
0x00007ff934eabf0a:   48 8b c8 49 2b c8 49 3b c9 7c eb 42 c6 04 02 00
0x00007ff934eabf1a:   49 8b c0 48 8b 5c 24 30 48 83 c4 20 5f c3 48 8b
0x00007ff934eabf2a:   5c 24 30 c6 04 02 00 48 83 c4 20 5f c3 cc cc cc
0x00007ff934eabf3a:   cc cc cc cc cc cc 4c 8b d1 45 85 c0 7e 6c 44 0f
0x00007ff934eabf4a:   b7 49 04 41 8d 40 ff 41 3b c1 44 0f 4c c8 4d 63
0x00007ff934eabf5a:   d9 45 85 c9 7e 22 48 8b ca 4c 2b d2 4d 8b c3 0f
0x00007ff934eabf6a:   1f 80 00 00 00 00 41 0f b6 44 0a 06 88 01 48 8d
0x00007ff934eabf7a:   49 01 49 83 e8 01 75 ee 41 c6 04 13 00 48 c7 c0
0x00007ff934eabf8a:   ff ff ff ff 66 90 48 ff c0 80 3c 02 00 75 f7 48
0x00007ff934eabf9a:   63 c8 85 c0 48 8b c2 7e 14 80 38 2f 75 03 c6 00
0x00007ff934eabfaa:   2e 48 ff c0 48 83 e9 01 75 ef 48 8b c2 c3 cc cc
0x00007ff934eabfba:   cc cc cc cc cc cc 48 83 ec 28 e8 f7 fe ff ff 4c 


Stack slot to memory mapping:
stack at sp + 0 slots: 0x0000000000000028 is an unknown value
stack at sp + 1 slots: 0x0000000800c05af0 is a pointer to class: 
fes.aragon.utilerias.dinamicas.pila.Pila {0x0000000800c05af8}
 - instance size:     2
 - klass size:        71
 - access:            public synchronized 
 - state:             fully_initialized
 - name:              'fes/aragon/utilerias/dinamicas/pila/Pila'
 - super:             'java/lang/Object'
 - sub:               
 - arrays:            NULL
 - methods:           Array<T>(0x000001ebd983c458)
 - method ordering:   Array<T>(0x000001ebd983f8b8)
 - default_methods:   Array<T>(0x0000000000000000)
 - local interfaces:  Array<T>(0x00000008005aef10)
 - trans. interfaces: Array<T>(0x00000008005aef10)
 - constants:         constant pool [88] {0x000001ebd9842bb8} for 'fes/aragon/utilerias/dinamicas/pila/Pila' cache=0x000001ebd9841628
 - class loader data:  loader data: 0x000001ebd9cf8310 for instance a 'jdk/internal/loader/ClassLoaders$AppClassLoader'{0x00000006990635f8}
 - source file:       'Pila.java'
 - source debug extension:       SMAP
Pila.java
Java
*S jdt
*F
1 Pila.java
2 file:/C:/Users/EnriqueMV/OneDrive/Escritorio/Uni%201%20semestre/Estructura%20de%20Datos/Estructura_de_DatosGit/Estructura%20de%20Datos/Herramientas-1/bin/
*L
*E

 - class annotations:       Array<T>(0x0000000000000000)
 - class type annotations:  Array<T>(0x0000000000000000)
 - field annotations:       Array<T>(0x0000000000000000)
 - field type annotations:  Array<T>(0x0000000000000000)
 - generic signature: '
[error occurred during error reporting (inspecting top of stack), id 0xc0000005, EXCEPTION_ACCESS_VIOLATION (0xc0000005) at pc=0x00007ff934eacad6]


---------------  P R O C E S S  ---------------

Threads class SMR info:
_java_thread_list=0x000001ebda369a10, length=15, elements={
0x000001ebb145ffc0, 0x000001ebd9157440, 0x000001ebd9157ff0, 0x000001ebd916ebd0,
0x000001ebd91724b0, 0x000001ebd9172e60, 0x000001ebd917d570, 0x000001ebd9182630,
0x000001ebd91830f0, 0x000001ebd918b6e0, 0x000001ebd9cf3df0, 0x000001ebd9e18b30,
0x000001ebd9d71650, 0x000001ebd9d73d60, 0x000001ebd9cf12a0
}

Java Threads: ( => current thread )
  0x000001ebb145ffc0 JavaThread "main" [_thread_blocked, id=79268, stack(0x000000a2d1300000,0x000000a2d1400000)]
  0x000001ebd9157440 JavaThread "Reference Handler" daemon [_thread_blocked, id=85920, stack(0x000000a2d1a00000,0x000000a2d1b00000)]
  0x000001ebd9157ff0 JavaThread "Finalizer" daemon [_thread_blocked, id=9944, stack(0x000000a2d1b00000,0x000000a2d1c00000)]
  0x000001ebd916ebd0 JavaThread "Signal Dispatcher" daemon [_thread_blocked, id=86280, stack(0x000000a2d1c00000,0x000000a2d1d00000)]
  0x000001ebd91724b0 JavaThread "Attach Listener" daemon [_thread_blocked, id=72376, stack(0x000000a2d1d00000,0x000000a2d1e00000)]
  0x000001ebd9172e60 JavaThread "Service Thread" daemon [_thread_blocked, id=78992, stack(0x000000a2d1e00000,0x000000a2d1f00000)]
  0x000001ebd917d570 JavaThread "Monitor Deflation Thread" daemon [_thread_blocked, id=83804, stack(0x000000a2d1f00000,0x000000a2d2000000)]
  0x000001ebd9182630 JavaThread "C2 CompilerThread0" daemon [_thread_blocked, id=44508, stack(0x000000a2d2000000,0x000000a2d2100000)]
  0x000001ebd91830f0 JavaThread "C1 CompilerThread0" daemon [_thread_blocked, id=13876, stack(0x000000a2d2100000,0x000000a2d2200000)]
  0x000001ebd918b6e0 JavaThread "Sweeper thread" daemon [_thread_blocked, id=1436, stack(0x000000a2d2200000,0x000000a2d2300000)]
  0x000001ebd9cf3df0 JavaThread "Common-Cleaner" daemon [_thread_blocked, id=8864, stack(0x000000a2d2300000,0x000000a2d2400000)]
=>0x000001ebd9e18b30 JavaThread "JDWP Transport Listener: dt_socket" daemon [_thread_in_vm, id=82168, stack(0x000000a2d2400000,0x000000a2d2500000)]
  0x000001ebd9d71650 JavaThread "JDWP Event Helper Thread" daemon [_thread_blocked, id=48480, stack(0x000000a2d2500000,0x000000a2d2600000)]
  0x000001ebd9d73d60 JavaThread "JDWP Command Reader" daemon [_thread_in_native, id=12512, stack(0x000000a2d2600000,0x000000a2d2700000)]
  0x000001ebd9cf12a0 JavaThread "Notification Thread" daemon [_thread_blocked, id=83928, stack(0x000000a2d2800000,0x000000a2d2900000)]

Other Threads:
  0x000001ebd91519a0 VMThread "VM Thread" [stack: 0x000000a2d1900000,0x000000a2d1a00000] [id=10920]
  0x000001ebb14d9cd0 WatcherThread [stack: 0x000000a2d2900000,0x000000a2d2a00000] [id=10420]
  0x000001ebb14bfa70 GCTaskThread "GC Thread#0" [stack: 0x000000a2d1400000,0x000000a2d1500000] [id=83328]
  0x000001ebb14cf220 ConcurrentGCThread "G1 Main Marker" [stack: 0x000000a2d1500000,0x000000a2d1600000] [id=87800]
  0x000001ebb14cfc30 ConcurrentGCThread "G1 Conc#0" [stack: 0x000000a2d1600000,0x000000a2d1700000] [id=52032]
  0x000001ebb152bbc0 ConcurrentGCThread "G1 Refine#0" [stack: 0x000000a2d1700000,0x000000a2d1800000] [id=2624]
  0x000001ebb152c5e0 ConcurrentGCThread "G1 Service" [stack: 0x000000a2d1800000,0x000000a2d1900000] [id=85532]

Threads with active compile tasks:

VM state: not at safepoint (normal execution)

VM Mutex/Monitor currently owned by a thread: None

Heap address: 0x0000000681400000, size: 6124 MB, Compressed Oops mode: Zero based, Oop shift amount: 3

CDS archive(s) mapped at: [0x0000000800000000-0x0000000800bc0000-0x0000000800bc0000), size 12320768, SharedBaseAddress: 0x0000000800000000, ArchiveRelocationMode: 0.
Compressed class space mapped at: 0x0000000800c00000-0x0000000840c00000, reserved size: 1073741824
Narrow klass base: 0x0000000800000000, Narrow klass shift: 0, Narrow klass range: 0x100000000

GC Precious Log:
 CPUs: 12 total, 12 available
 Memory: 24492M
 Large Page Support: Disabled
 NUMA Support: Disabled
 Compressed Oops: Enabled (Zero based)
 Heap Region Size: 4M
 Heap Min Capacity: 8M
 Heap Initial Capacity: 384M
 Heap Max Capacity: 6124M
 Pre-touch: Disabled
 Parallel Workers: 10
 Concurrent Workers: 3
 Concurrent Refinement Workers: 10
 Periodic GC: Disabled

Heap:
 garbage-first heap   total 393216K, used 4096K [0x0000000681400000, 0x0000000800000000)
  region size 4096K, 2 young (8192K), 0 survivors (0K)
 Metaspace       used 2696K, committed 2816K, reserved 1056768K
  class space    used 243K, committed 320K, reserved 1048576K

Heap Regions: E=young(eden), S=young(survivor), O=old, HS=humongous(starts), HC=humongous(continues), CS=collection set, F=free, OA=open archive, CA=closed archive, TAMS=top-at-mark-start (previous, next)
|   0|0x0000000681400000, 0x0000000681400000, 0x0000000681800000|  0%| F|  |TAMS 0x0000000681400000, 0x0000000681400000| Untracked 
|   1|0x0000000681800000, 0x0000000681800000, 0x0000000681c00000|  0%| F|  |TAMS 0x0000000681800000, 0x0000000681800000| Untracked 
|   2|0x0000000681c00000, 0x0000000681c00000, 0x0000000682000000|  0%| F|  |TAMS 0x0000000681c00000, 0x0000000681c00000| Untracked 
|   3|0x0000000682000000, 0x0000000682000000, 0x0000000682400000|  0%| F|  |TAMS 0x0000000682000000, 0x0000000682000000| Untracked 
|   4|0x0000000682400000, 0x0000000682400000, 0x0000000682800000|  0%| F|  |TAMS 0x0000000682400000, 0x0000000682400000| Untracked 
|   5|0x0000000682800000, 0x0000000682800000, 0x0000000682c00000|  0%| F|  |TAMS 0x0000000682800000, 0x0000000682800000| Untracked 
|   6|0x0000000682c00000, 0x0000000682c00000, 0x0000000683000000|  0%| F|  |TAMS 0x0000000682c00000, 0x0000000682c00000| Untracked 
|   7|0x0000000683000000, 0x0000000683000000, 0x0000000683400000|  0%| F|  |TAMS 0x0000000683000000, 0x0000000683000000| Untracked 
|   8|0x0000000683400000, 0x0000000683400000, 0x0000000683800000|  0%| F|  |TAMS 0x0000000683400000, 0x0000000683400000| Untracked 
|   9|0x0000000683800000, 0x0000000683800000, 0x0000000683c00000|  0%| F|  |TAMS 0x0000000683800000, 0x0000000683800000| Untracked 
|  10|0x0000000683c00000, 0x0000000683c00000, 0x0000000684000000|  0%| F|  |TAMS 0x0000000683c00000, 0x0000000683c00000| Untracked 
|  11|0x0000000684000000, 0x0000000684000000, 0x0000000684400000|  0%| F|  |TAMS 0x0000000684000000, 0x0000000684000000| Untracked 
|  12|0x0000000684400000, 0x0000000684400000, 0x0000000684800000|  0%| F|  |TAMS 0x0000000684400000, 0x0000000684400000| Untracked 
|  13|0x0000000684800000, 0x0000000684800000, 0x0000000684c00000|  0%| F|  |TAMS 0x0000000684800000, 0x0000000684800000| Untracked 
|  14|0x0000000684c00000, 0x0000000684c00000, 0x0000000685000000|  0%| F|  |TAMS 0x0000000684c00000, 0x0000000684c00000| Untracked 
|  15|0x0000000685000000, 0x0000000685000000, 0x0000000685400000|  0%| F|  |TAMS 0x0000000685000000, 0x0000000685000000| Untracked 
|  16|0x0000000685400000, 0x0000000685400000, 0x0000000685800000|  0%| F|  |TAMS 0x0000000685400000, 0x0000000685400000| Untracked 
|  17|0x0000000685800000, 0x0000000685800000, 0x0000000685c00000|  0%| F|  |TAMS 0x0000000685800000, 0x0000000685800000| Untracked 
|  18|0x0000000685c00000, 0x0000000685c00000, 0x0000000686000000|  0%| F|  |TAMS 0x0000000685c00000, 0x0000000685c00000| Untracked 
|  19|0x0000000686000000, 0x0000000686000000, 0x0000000686400000|  0%| F|  |TAMS 0x0000000686000000, 0x0000000686000000| Untracked 
|  20|0x0000000686400000, 0x0000000686400000, 0x0000000686800000|  0%| F|  |TAMS 0x0000000686400000, 0x0000000686400000| Untracked 
|  21|0x0000000686800000, 0x0000000686800000, 0x0000000686c00000|  0%| F|  |TAMS 0x0000000686800000, 0x0000000686800000| Untracked 
|  22|0x0000000686c00000, 0x0000000686c00000, 0x0000000687000000|  0%| F|  |TAMS 0x0000000686c00000, 0x0000000686c00000| Untracked 
|  23|0x0000000687000000, 0x0000000687000000, 0x0000000687400000|  0%| F|  |TAMS 0x0000000687000000, 0x0000000687000000| Untracked 
|  24|0x0000000687400000, 0x0000000687400000, 0x0000000687800000|  0%| F|  |TAMS 0x0000000687400000, 0x0000000687400000| Untracked 
|  25|0x0000000687800000, 0x0000000687800000, 0x0000000687c00000|  0%| F|  |TAMS 0x0000000687800000, 0x0000000687800000| Untracked 
|  26|0x0000000687c00000, 0x0000000687c00000, 0x0000000688000000|  0%| F|  |TAMS 0x0000000687c00000, 0x0000000687c00000| Untracked 
|  27|0x0000000688000000, 0x0000000688000000, 0x0000000688400000|  0%| F|  |TAMS 0x0000000688000000, 0x0000000688000000| Untracked 
|  28|0x0000000688400000, 0x0000000688400000, 0x0000000688800000|  0%| F|  |TAMS 0x0000000688400000, 0x0000000688400000| Untracked 
|  29|0x0000000688800000, 0x0000000688800000, 0x0000000688c00000|  0%| F|  |TAMS 0x0000000688800000, 0x0000000688800000| Untracked 
|  30|0x0000000688c00000, 0x0000000688c00000, 0x0000000689000000|  0%| F|  |TAMS 0x0000000688c00000, 0x0000000688c00000| Untracked 
|  31|0x0000000689000000, 0x0000000689000000, 0x0000000689400000|  0%| F|  |TAMS 0x0000000689000000, 0x0000000689000000| Untracked 
|  32|0x0000000689400000, 0x0000000689400000, 0x0000000689800000|  0%| F|  |TAMS 0x0000000689400000, 0x0000000689400000| Untracked 
|  33|0x0000000689800000, 0x0000000689800000, 0x0000000689c00000|  0%| F|  |TAMS 0x0000000689800000, 0x0000000689800000| Untracked 
|  34|0x0000000689c00000, 0x0000000689c00000, 0x000000068a000000|  0%| F|  |TAMS 0x0000000689c00000, 0x0000000689c00000| Untracked 
|  35|0x000000068a000000, 0x000000068a000000, 0x000000068a400000|  0%| F|  |TAMS 0x000000068a000000, 0x000000068a000000| Untracked 
|  36|0x000000068a400000, 0x000000068a400000, 0x000000068a800000|  0%| F|  |TAMS 0x000000068a400000, 0x000000068a400000| Untracked 
|  37|0x000000068a800000, 0x000000068a800000, 0x000000068ac00000|  0%| F|  |TAMS 0x000000068a800000, 0x000000068a800000| Untracked 
|  38|0x000000068ac00000, 0x000000068ac00000, 0x000000068b000000|  0%| F|  |TAMS 0x000000068ac00000, 0x000000068ac00000| Untracked 
|  39|0x000000068b000000, 0x000000068b000000, 0x000000068b400000|  0%| F|  |TAMS 0x000000068b000000, 0x000000068b000000| Untracked 
|  40|0x000000068b400000, 0x000000068b400000, 0x000000068b800000|  0%| F|  |TAMS 0x000000068b400000, 0x000000068b400000| Untracked 
|  41|0x000000068b800000, 0x000000068b800000, 0x000000068bc00000|  0%| F|  |TAMS 0x000000068b800000, 0x000000068b800000| Untracked 
|  42|0x000000068bc00000, 0x000000068bc00000, 0x000000068c000000|  0%| F|  |TAMS 0x000000068bc00000, 0x000000068bc00000| Untracked 
|  43|0x000000068c000000, 0x000000068c000000, 0x000000068c400000|  0%| F|  |TAMS 0x000000068c000000, 0x000000068c000000| Untracked 
|  44|0x000000068c400000, 0x000000068c400000, 0x000000068c800000|  0%| F|  |TAMS 0x000000068c400000, 0x000000068c400000| Untracked 
|  45|0x000000068c800000, 0x000000068c800000, 0x000000068cc00000|  0%| F|  |TAMS 0x000000068c800000, 0x000000068c800000| Untracked 
|  46|0x000000068cc00000, 0x000000068cc00000, 0x000000068d000000|  0%| F|  |TAMS 0x000000068cc00000, 0x000000068cc00000| Untracked 
|  47|0x000000068d000000, 0x000000068d000000, 0x000000068d400000|  0%| F|  |TAMS 0x000000068d000000, 0x000000068d000000| Untracked 
|  48|0x000000068d400000, 0x000000068d400000, 0x000000068d800000|  0%| F|  |TAMS 0x000000068d400000, 0x000000068d400000| Untracked 
|  49|0x000000068d800000, 0x000000068d800000, 0x000000068dc00000|  0%| F|  |TAMS 0x000000068d800000, 0x000000068d800000| Untracked 
|  50|0x000000068dc00000, 0x000000068dc00000, 0x000000068e000000|  0%| F|  |TAMS 0x000000068dc00000, 0x000000068dc00000| Untracked 
|  51|0x000000068e000000, 0x000000068e000000, 0x000000068e400000|  0%| F|  |TAMS 0x000000068e000000, 0x000000068e000000| Untracked 
|  52|0x000000068e400000, 0x000000068e400000, 0x000000068e800000|  0%| F|  |TAMS 0x000000068e400000, 0x000000068e400000| Untracked 
|  53|0x000000068e800000, 0x000000068e800000, 0x000000068ec00000|  0%| F|  |TAMS 0x000000068e800000, 0x000000068e800000| Untracked 
|  54|0x000000068ec00000, 0x000000068ec00000, 0x000000068f000000|  0%| F|  |TAMS 0x000000068ec00000, 0x000000068ec00000| Untracked 
|  55|0x000000068f000000, 0x000000068f000000, 0x000000068f400000|  0%| F|  |TAMS 0x000000068f000000, 0x000000068f000000| Untracked 
|  56|0x000000068f400000, 0x000000068f400000, 0x000000068f800000|  0%| F|  |TAMS 0x000000068f400000, 0x000000068f400000| Untracked 
|  57|0x000000068f800000, 0x000000068f800000, 0x000000068fc00000|  0%| F|  |TAMS 0x000000068f800000, 0x000000068f800000| Untracked 
|  58|0x000000068fc00000, 0x000000068fc00000, 0x0000000690000000|  0%| F|  |TAMS 0x000000068fc00000, 0x000000068fc00000| Untracked 
|  59|0x0000000690000000, 0x0000000690000000, 0x0000000690400000|  0%| F|  |TAMS 0x0000000690000000, 0x0000000690000000| Untracked 
|  60|0x0000000690400000, 0x0000000690400000, 0x0000000690800000|  0%| F|  |TAMS 0x0000000690400000, 0x0000000690400000| Untracked 
|  61|0x0000000690800000, 0x0000000690800000, 0x0000000690c00000|  0%| F|  |TAMS 0x0000000690800000, 0x0000000690800000| Untracked 
|  62|0x0000000690c00000, 0x0000000690c00000, 0x0000000691000000|  0%| F|  |TAMS 0x0000000690c00000, 0x0000000690c00000| Untracked 
|  63|0x0000000691000000, 0x0000000691000000, 0x0000000691400000|  0%| F|  |TAMS 0x0000000691000000, 0x0000000691000000| Untracked 
|  64|0x0000000691400000, 0x0000000691400000, 0x0000000691800000|  0%| F|  |TAMS 0x0000000691400000, 0x0000000691400000| Untracked 
|  65|0x0000000691800000, 0x0000000691800000, 0x0000000691c00000|  0%| F|  |TAMS 0x0000000691800000, 0x0000000691800000| Untracked 
|  66|0x0000000691c00000, 0x0000000691c00000, 0x0000000692000000|  0%| F|  |TAMS 0x0000000691c00000, 0x0000000691c00000| Untracked 
|  67|0x0000000692000000, 0x0000000692000000, 0x0000000692400000|  0%| F|  |TAMS 0x0000000692000000, 0x0000000692000000| Untracked 
|  68|0x0000000692400000, 0x0000000692400000, 0x0000000692800000|  0%| F|  |TAMS 0x0000000692400000, 0x0000000692400000| Untracked 
|  69|0x0000000692800000, 0x0000000692800000, 0x0000000692c00000|  0%| F|  |TAMS 0x0000000692800000, 0x0000000692800000| Untracked 
|  70|0x0000000692c00000, 0x0000000692c00000, 0x0000000693000000|  0%| F|  |TAMS 0x0000000692c00000, 0x0000000692c00000| Untracked 
|  71|0x0000000693000000, 0x0000000693000000, 0x0000000693400000|  0%| F|  |TAMS 0x0000000693000000, 0x0000000693000000| Untracked 
|  72|0x0000000693400000, 0x0000000693400000, 0x0000000693800000|  0%| F|  |TAMS 0x0000000693400000, 0x0000000693400000| Untracked 
|  73|0x0000000693800000, 0x0000000693800000, 0x0000000693c00000|  0%| F|  |TAMS 0x0000000693800000, 0x0000000693800000| Untracked 
|  74|0x0000000693c00000, 0x0000000693c00000, 0x0000000694000000|  0%| F|  |TAMS 0x0000000693c00000, 0x0000000693c00000| Untracked 
|  75|0x0000000694000000, 0x0000000694000000, 0x0000000694400000|  0%| F|  |TAMS 0x0000000694000000, 0x0000000694000000| Untracked 
|  76|0x0000000694400000, 0x0000000694400000, 0x0000000694800000|  0%| F|  |TAMS 0x0000000694400000, 0x0000000694400000| Untracked 
|  77|0x0000000694800000, 0x0000000694800000, 0x0000000694c00000|  0%| F|  |TAMS 0x0000000694800000, 0x0000000694800000| Untracked 
|  78|0x0000000694c00000, 0x0000000694c00000, 0x0000000695000000|  0%| F|  |TAMS 0x0000000694c00000, 0x0000000694c00000| Untracked 
|  79|0x0000000695000000, 0x0000000695000000, 0x0000000695400000|  0%| F|  |TAMS 0x0000000695000000, 0x0000000695000000| Untracked 
|  80|0x0000000695400000, 0x0000000695400000, 0x0000000695800000|  0%| F|  |TAMS 0x0000000695400000, 0x0000000695400000| Untracked 
|  81|0x0000000695800000, 0x0000000695800000, 0x0000000695c00000|  0%| F|  |TAMS 0x0000000695800000, 0x0000000695800000| Untracked 
|  82|0x0000000695c00000, 0x0000000695c00000, 0x0000000696000000|  0%| F|  |TAMS 0x0000000695c00000, 0x0000000695c00000| Untracked 
|  83|0x0000000696000000, 0x0000000696000000, 0x0000000696400000|  0%| F|  |TAMS 0x0000000696000000, 0x0000000696000000| Untracked 
|  84|0x0000000696400000, 0x0000000696400000, 0x0000000696800000|  0%| F|  |TAMS 0x0000000696400000, 0x0000000696400000| Untracked 
|  85|0x0000000696800000, 0x0000000696800000, 0x0000000696c00000|  0%| F|  |TAMS 0x0000000696800000, 0x0000000696800000| Untracked 
|  86|0x0000000696c00000, 0x0000000696c00000, 0x0000000697000000|  0%| F|  |TAMS 0x0000000696c00000, 0x0000000696c00000| Untracked 
|  87|0x0000000697000000, 0x0000000697000000, 0x0000000697400000|  0%| F|  |TAMS 0x0000000697000000, 0x0000000697000000| Untracked 
|  88|0x0000000697400000, 0x0000000697400000, 0x0000000697800000|  0%| F|  |TAMS 0x0000000697400000, 0x0000000697400000| Untracked 
|  89|0x0000000697800000, 0x0000000697800000, 0x0000000697c00000|  0%| F|  |TAMS 0x0000000697800000, 0x0000000697800000| Untracked 
|  90|0x0000000697c00000, 0x0000000697c00000, 0x0000000698000000|  0%| F|  |TAMS 0x0000000697c00000, 0x0000000697c00000| Untracked 
|  91|0x0000000698000000, 0x0000000698000000, 0x0000000698400000|  0%| F|  |TAMS 0x0000000698000000, 0x0000000698000000| Untracked 
|  92|0x0000000698400000, 0x0000000698400000, 0x0000000698800000|  0%| F|  |TAMS 0x0000000698400000, 0x0000000698400000| Untracked 
|  93|0x0000000698800000, 0x0000000698800000, 0x0000000698c00000|  0%| F|  |TAMS 0x0000000698800000, 0x0000000698800000| Untracked 
|  94|0x0000000698c00000, 0x0000000698da0048, 0x0000000699000000| 40%| E|  |TAMS 0x0000000698c00000, 0x0000000698c00000| Complete 
|  95|0x0000000699000000, 0x0000000699400000, 0x0000000699400000|100%| E|CS|TAMS 0x0000000699000000, 0x0000000699000000| Complete 

Card table byte_map: [0x000001ebc8db0000,0x000001ebc99b0000] _byte_map_base: 0x000001ebc59a6000

Marking Bits (Prev, Next): (CMBitMap*) 0x000001ebb14c0080, (CMBitMap*) 0x000001ebb14c00c0
 Prev Bits: [0x000001ebca5b0000, 0x000001ebd0560000)
 Next Bits: [0x000001ebd0560000, 0x000001ebd6510000)

Polling page: 0x000001ebaf440000

Metaspace:

Usage:
  Non-class:      2.40 MB used.
      Class:    243.54 KB used.
       Both:      2.63 MB used.

Virtual space:
  Non-class space:        8.00 MB reserved,       2.44 MB ( 30%) committed,  1 nodes.
      Class space:        1.00 GB reserved,     320.00 KB ( <1%) committed,  1 nodes.
             Both:        1.01 GB reserved,       2.75 MB ( <1%) committed. 

Chunk freelists:
   Non-Class:  3.72 MB
       Class:  3.72 MB
        Both:  7.44 MB

MaxMetaspaceSize: unlimited
CompressedClassSpaceSize: 1.00 GB
Initial GC threshold: 21.00 MB
Current GC threshold: 21.00 MB
CDS: on
MetaspaceReclaimPolicy: balanced
 - commit_granule_bytes: 65536.
 - commit_granule_words: 8192.
 - virtual_space_node_default_size: 1048576.
 - enlarge_chunks_in_place: 1.
 - new_chunks_are_fully_committed: 0.
 - uncommit_free_chunks: 1.
 - use_allocation_guard: 0.
 - handle_deallocations: 1.


Internal statistics:

num_allocs_failed_limit: 0.
num_arena_births: 8.
num_arena_deaths: 0.
num_vsnodes_births: 2.
num_vsnodes_deaths: 0.
num_space_committed: 44.
num_space_uncommitted: 0.
num_chunks_returned_to_freelist: 0.
num_chunks_taken_from_freelist: 28.
num_chunk_merges: 0.
num_chunk_splits: 16.
num_chunks_enlarged: 11.
num_purges: 0.
num_inconsistent_stats: 0.

CodeHeap 'non-profiled nmethods': size=120000Kb used=135Kb max_used=135Kb free=119864Kb
 bounds [0x000001ebc0730000, 0x000001ebc09a0000, 0x000001ebc7c60000]
CodeHeap 'profiled nmethods': size=120000Kb used=611Kb max_used=611Kb free=119388Kb
 bounds [0x000001ebb9200000, 0x000001ebb9470000, 0x000001ebc0730000]
CodeHeap 'non-nmethods': size=5760Kb used=1195Kb max_used=1215Kb free=4564Kb
 bounds [0x000001ebb8c60000, 0x000001ebb8ed0000, 0x000001ebb9200000]
 total_blobs=808 nmethods=398 adapters=323
 compilation: enabled
              stopped_count=0, restarted_count=0
 full_count=0

Compilation events (20 events):
Event: 1743.319 Thread 0x000001ebd91830f0  399       3       org.eclipse.jdt.launching.internal.org.objectweb.asm.ClassReader::readClass (7 bytes)
Event: 1743.319 Thread 0x000001ebd9182630  401       4       java.lang.StringUTF16::compress (50 bytes)
Event: 1743.321 Thread 0x000001ebd91830f0 

Event: 1743.321 Thread 0x000001ebd91830f0  403       3       org.eclipse.jdt.launching.internal.org.objectweb.asm.SymbolTable::addConstantUtf8 (98 bytes)
Event: 1743.321 Thread 0x000001ebd91830f0 nmethod 403 0x000001ebb9296210 code [0x000001ebb9296440, 0x000001ebb9296a38]
Event: 1743.321 Thread 0x000001ebd91830f0  400       3       org.eclipse.jdt.launching.internal.org.objectweb.asm.ClassReader::readStringish (16 bytes)
Event: 1743.321 Thread 0x000001ebd91830f0 nmethod 400 0x000001ebb9296d90 code [0x000001ebb9296f60, 0x000001ebb9297268]
Event: 1743.324 Thread 0x000001ebd9182630 

Event: 1743.324 Thread 0x000001ebd9182630  402       4       org.eclipse.jdt.launching.internal.org.objectweb.asm.ClassReader::readUtf (161 bytes)
Event: 1743.333 Thread 0x000001ebd9182630 nmethod 402 0x000001ebc0750910 code [0x000001ebc0750ac0, 0x000001ebc0751868]
Event: 1925.250 Thread 0x000001ebd91830f0  404       3       org.eclipse.jdt.launching.internal.org.objectweb.asm.SymbolTable::addConstantMemberReference (29 bytes)
Event: 1925.250 Thread 0x000001ebd9182630  407       4       org.eclipse.jdt.launching.internal.org.objectweb.asm.ClassReader::getItem (7 bytes)
Event: 1925.252 Thread 0x000001ebd91830f0 nmethod 404 0x000001ebb9297410 code [0x000001ebb9297600, 0x000001ebb92979c8]
Event: 1925.252 Thread 0x000001ebd91830f0  405       3       org.eclipse.jdt.launching.internal.org.objectweb.asm.SymbolTable::hash (20 bytes)
Event: 1925.252 Thread 0x000001ebd9182630 

Event: 1925.252 Thread 0x000001ebd91830f0 nmethod 405 0x000001ebb9297c90 code [0x000001ebb9297e40, 0x000001ebb9298028]
Event: 1925.252 Thread 0x000001ebd91830f0  406       3       org.eclipse.jdt.launching.internal.org.objectweb.asm.SymbolTable::addConstantNameAndType (28 bytes)
Event: 1925.252 Thread 0x000001ebd91830f0 nmethod 406 0x000001ebb9298190 code [0x000001ebb9298360, 0x000001ebb9298698]
Event: 1930.488 Thread 0x000001ebd91830f0  408       3       org.eclipse.jdt.launching.internal.org.objectweb.asm.SymbolTable::addConstantUtf8Reference (20 bytes)
Event: 1930.488 Thread 0x000001ebd91830f0 nmethod 408 0x000001ebb9298890 code [0x000001ebb9298a60, 0x000001ebb9298d28]

GC Heap History (0 events):
No events

Deoptimization events (18 events):
Event: 0.128 Thread 0x000001ebb145ffc0 Uncommon trap: trap_request=0xffffff45 fr.pc=0x000001ebc073c2f4 relative=0x0000000000000a14
Event: 0.128 Thread 0x000001ebb145ffc0 Uncommon trap: reason=unstable_if action=reinterpret pc=0x000001ebc073c2f4 method=java.util.HashMap.putVal(ILjava/lang/Object;Ljava/lang/Object;ZZ)Ljava/lang/Object; @ 181 c2
Event: 0.128 Thread 0x000001ebb145ffc0 DEOPT PACKING pc=0x000001ebc073c2f4 sp=0x000000a2d13fe1c0
Event: 0.128 Thread 0x000001ebb145ffc0 DEOPT UNPACKING pc=0x000001ebb8cb23a3 sp=0x000000a2d13fe170 mode 2
Event: 0.180 Thread 0x000001ebb145ffc0 Uncommon trap: trap_request=0xffffff45 fr.pc=0x000001ebc0741380 relative=0x00000000000000e0
Event: 0.180 Thread 0x000001ebb145ffc0 Uncommon trap: reason=unstable_if action=reinterpret pc=0x000001ebc0741380 method=java.lang.String.isLatin1()Z @ 10 c2
Event: 0.180 Thread 0x000001ebb145ffc0 DEOPT PACKING pc=0x000001ebc0741380 sp=0x000000a2d13fedf0
Event: 0.180 Thread 0x000001ebb145ffc0 DEOPT UNPACKING pc=0x000001ebb8cb23a3 sp=0x000000a2d13fed40 mode 2
Event: 0.194 Thread 0x000001ebb145ffc0 DEOPT PACKING pc=0x000001ebb927287c sp=0x000000a2d13fbb20
Event: 0.194 Thread 0x000001ebb145ffc0 DEOPT UNPACKING pc=0x000001ebb8cb2b43 sp=0x000000a2d13faf88 mode 0
Event: 0.195 Thread 0x000001ebb145ffc0 DEOPT PACKING pc=0x000001ebb927287c sp=0x000000a2d13f8050
Event: 0.195 Thread 0x000001ebb145ffc0 DEOPT UNPACKING pc=0x000001ebb8cb2b43 sp=0x000000a2d13f74b8 mode 0
Event: 0.197 Thread 0x000001ebb145ffc0 DEOPT PACKING pc=0x000001ebb927287c sp=0x000000a2d13fba50
Event: 0.197 Thread 0x000001ebb145ffc0 DEOPT UNPACKING pc=0x000001ebb8cb2b43 sp=0x000000a2d13faeb8 mode 0
Event: 0.202 Thread 0x000001ebb145ffc0 DEOPT PACKING pc=0x000001ebb927287c sp=0x000000a2d13f7cc0
Event: 0.202 Thread 0x000001ebb145ffc0 DEOPT UNPACKING pc=0x000001ebb8cb2b43 sp=0x000000a2d13f7128 mode 0
Event: 0.202 Thread 0x000001ebb145ffc0 DEOPT PACKING pc=0x000001ebb927287c sp=0x000000a2d13f7cc0
Event: 0.202 Thread 0x000001ebb145ffc0 DEOPT UNPACKING pc=0x000001ebb8cb2b43 sp=0x000000a2d13f7128 mode 0

Classes unloaded (0 events):
No events

Classes redefined (20 events):
Event: 469.416 Thread 0x000001ebd91519a0 redefined class name=fes.aragon.inicio.Inicio, count=3
Event: 548.393 Thread 0x000001ebd91519a0 redefined class name=fes.aragon.inicio.Inicio, count=4
Event: 573.784 Thread 0x000001ebd91519a0 redefined class name=fes.aragon.inicio.Inicio, count=5
Event: 577.862 Thread 0x000001ebd91519a0 redefined class name=fes.aragon.inicio.Inicio, count=6
Event: 588.977 Thread 0x000001ebd91519a0 redefined class name=fes.aragon.inicio.Inicio, count=7
Event: 616.709 Thread 0x000001ebd91519a0 redefined class name=fes.aragon.inicio.Inicio, count=8
Event: 621.906 Thread 0x000001ebd91519a0 redefined class name=fes.aragon.inicio.Inicio, count=9
Event: 645.701 Thread 0x000001ebd91519a0 redefined class name=fes.aragon.inicio.Inicio, count=10
Event: 787.635 Thread 0x000001ebd91519a0 redefined class name=fes.aragon.inicio.Inicio, count=11
Event: 1074.990 Thread 0x000001ebd91519a0 redefined class name=fes.aragon.inicio.Inicio, count=12
Event: 1556.310 Thread 0x000001ebd91519a0 redefined class name=fes.aragon.utilerias.dinamicas.pila.Pila, count=3
Event: 1570.426 Thread 0x000001ebd91519a0 redefined class name=fes.aragon.utilerias.dinamicas.pila.Pila, count=4
Event: 1572.857 Thread 0x000001ebd91519a0 redefined class name=fes.aragon.utilerias.dinamicas.pila.Pila, count=5
Event: 1743.320 Thread 0x000001ebd91519a0 redefined class name=fes.aragon.utilerias.dinamicas.pila.Pila, count=6
Event: 1901.210 Thread 0x000001ebd91519a0 redefined class name=fes.aragon.inicio.Inicio, count=13
Event: 1915.780 Thread 0x000001ebd91519a0 redefined class name=fes.aragon.inicio.Inicio, count=14
Event: 1925.251 Thread 0x000001ebd91519a0 redefined class name=fes.aragon.inicio.Inicio, count=15
Event: 1930.488 Thread 0x000001ebd91519a0 redefined class name=fes.aragon.inicio.Inicio, count=16
Event: 2354.577 Thread 0x000001ebd91519a0 redefined class name=fes.aragon.inicio.Inicio, count=17
Event: 2361.746 Thread 0x000001ebd91519a0 redefined class name=fes.aragon.inicio.Inicio, count=18

Internal exceptions (0 events):
No events

VM Operations (20 events):
Event: 1925.256 Executing VM operation: ChangeBreakpoints
Event: 1925.256 Executing VM operation: ChangeBreakpoints done
Event: 1930.488 Executing VM operation: RedefineClasses
Event: 1930.489 Executing VM operation: RedefineClasses done
Event: 1930.492 Executing VM operation: ChangeBreakpoints
Event: 1930.492 Executing VM operation: ChangeBreakpoints done
Event: 1930.492 Executing VM operation: ChangeBreakpoints
Event: 1930.492 Executing VM operation: ChangeBreakpoints done
Event: 1930.494 Executing VM operation: ChangeBreakpoints
Event: 1930.494 Executing VM operation: ChangeBreakpoints done
Event: 2354.576 Executing VM operation: RedefineClasses
Event: 2354.578 Executing VM operation: RedefineClasses done
Event: 2354.581 Executing VM operation: ChangeBreakpoints
Event: 2354.582 Executing VM operation: ChangeBreakpoints done
Event: 2354.582 Executing VM operation: ChangeBreakpoints
Event: 2354.582 Executing VM operation: ChangeBreakpoints done
Event: 2354.584 Executing VM operation: ChangeBreakpoints
Event: 2354.584 Executing VM operation: ChangeBreakpoints done
Event: 2361.746 Executing VM operation: RedefineClasses
Event: 2361.747 Executing VM operation: RedefineClasses done

Events (20 events):
Event: 0.188 loading class jdk/internal/reflect/ByteVectorImpl done
Event: 0.188 loading class jdk/internal/reflect/ClassFileAssembler
Event: 0.188 loading class jdk/internal/reflect/ClassFileAssembler done
Event: 0.188 loading class jdk/internal/reflect/UTF8
Event: 0.188 loading class jdk/internal/reflect/UTF8 done
Event: 0.188 loading class jdk/internal/reflect/Label
Event: 0.188 loading class jdk/internal/reflect/Label done
Event: 0.188 loading class jdk/internal/reflect/Label$PatchInfo
Event: 0.188 loading class jdk/internal/reflect/Label$PatchInfo done
Event: 0.188 loading class jdk/internal/reflect/MethodAccessorGenerator$1
Event: 0.188 loading class jdk/internal/reflect/MethodAccessorGenerator$1 done
Event: 0.188 loading class jdk/internal/reflect/ClassDefiner
Event: 0.188 loading class jdk/internal/reflect/ClassDefiner done
Event: 0.188 loading class jdk/internal/reflect/ClassDefiner$1
Event: 0.188 loading class jdk/internal/reflect/ClassDefiner$1 done
Event: 0.189 loading class jdk/internal/reflect/BootstrapConstructorAccessorImpl
Event: 0.189 loading class jdk/internal/reflect/BootstrapConstructorAccessorImpl done
Event: 0.203 loading class java/lang/IllegalStateException
Event: 0.203 loading class java/lang/IllegalStateException done
Event: 5.219 Thread 0x000001ebd9e3efd0 Thread exited: 0x000001ebd9e3efd0


Dynamic libraries:
0x00007ff7c6980000 - 0x00007ff7c698e000 	D:\software\jdk-17\bin\javaw.exe
0x00007ff98d680000 - 0x00007ff98d889000 	C:\WINDOWS\SYSTEM32\ntdll.dll
0x00007ff98c0e0000 - 0x00007ff98c19d000 	C:\WINDOWS\System32\KERNEL32.DLL
0x00007ff98ab60000 - 0x00007ff98aedc000 	C:\WINDOWS\System32\KERNELBASE.dll
0x00007ff98b020000 - 0x00007ff98b131000 	C:\WINDOWS\System32\ucrtbase.dll
0x00007ff96d0a0000 - 0x00007ff96d0b8000 	D:\software\jdk-17\bin\jli.dll
0x00007ff96d080000 - 0x00007ff96d09a000 	D:\software\jdk-17\bin\VCRUNTIME140.dll
0x00007ff98b970000 - 0x00007ff98bb1d000 	C:\WINDOWS\System32\USER32.dll
0x00007ff98aee0000 - 0x00007ff98af06000 	C:\WINDOWS\System32\win32u.dll
0x00007ff978910000 - 0x00007ff978bb5000 	C:\WINDOWS\WinSxS\amd64_microsoft.windows.common-controls_6595b64144ccf1df_6.0.22000.120_none_9d947278b86cc467\COMCTL32.dll
0x00007ff98b700000 - 0x00007ff98b7a3000 	C:\WINDOWS\System32\msvcrt.dll
0x00007ff98bd20000 - 0x00007ff98bd49000 	C:\WINDOWS\System32\GDI32.dll
0x00007ff98b3f0000 - 0x00007ff98b509000 	C:\WINDOWS\System32\gdi32full.dll
0x00007ff98af10000 - 0x00007ff98afad000 	C:\WINDOWS\System32\msvcp_win.dll
0x00007ff98bd50000 - 0x00007ff98bd81000 	C:\WINDOWS\System32\IMM32.DLL
0x00007ff987280000 - 0x00007ff98728c000 	D:\software\jdk-17\bin\vcruntime140_1.dll
0x00007ff960660000 - 0x00007ff9606ed000 	D:\software\jdk-17\bin\msvcp140.dll
0x00007ff934770000 - 0x00007ff93532e000 	D:\software\jdk-17\bin\server\jvm.dll
0x00007ff98d4a0000 - 0x00007ff98d54e000 	C:\WINDOWS\System32\ADVAPI32.dll
0x00007ff98b510000 - 0x00007ff98b5ae000 	C:\WINDOWS\System32\sechost.dll
0x00007ff98bfc0000 - 0x00007ff98c0e0000 	C:\WINDOWS\System32\RPCRT4.dll
0x00007ff98b6f0000 - 0x00007ff98b6f8000 	C:\WINDOWS\System32\PSAPI.DLL
0x00007ff96e290000 - 0x00007ff96e299000 	C:\WINDOWS\SYSTEM32\WSOCK32.dll
0x00007ff983b00000 - 0x00007ff983b0a000 	C:\WINDOWS\SYSTEM32\VERSION.dll
0x00007ff98d5d0000 - 0x00007ff98d63f000 	C:\WINDOWS\System32\WS2_32.dll
0x00007ff984aa0000 - 0x00007ff984ad3000 	C:\WINDOWS\SYSTEM32\WINMM.dll
0x00007ff989d40000 - 0x00007ff989d58000 	C:\WINDOWS\SYSTEM32\kernel.appcore.dll
0x00007ff986ba0000 - 0x00007ff986baa000 	D:\software\jdk-17\bin\jimage.dll
0x00007ff97e140000 - 0x00007ff97e361000 	C:\WINDOWS\SYSTEM32\DBGHELP.DLL
0x00007ff96ba60000 - 0x00007ff96ba91000 	C:\WINDOWS\SYSTEM32\dbgcore.DLL
0x00007ff98b2b0000 - 0x00007ff98b32f000 	C:\WINDOWS\System32\bcryptPrimitives.dll
0x00007ff96c300000 - 0x00007ff96c33b000 	D:\software\jdk-17\bin\jdwp.dll
0x00007ff96fb20000 - 0x00007ff96fb2e000 	D:\software\jdk-17\bin\instrument.dll
0x00007ff970c80000 - 0x00007ff970ca5000 	D:\software\jdk-17\bin\java.dll
0x00007ff963ad0000 - 0x00007ff963ba6000 	D:\software\jdk-17\bin\svml.dll
0x00007ff98c6a0000 - 0x00007ff98ce58000 	C:\WINDOWS\System32\SHELL32.dll
0x00007ff988cc0000 - 0x00007ff989528000 	C:\WINDOWS\SYSTEM32\windows.storage.dll
0x00007ff98c2a0000 - 0x00007ff98c619000 	C:\WINDOWS\System32\combase.dll
0x00007ff988b50000 - 0x00007ff988cb6000 	C:\WINDOWS\SYSTEM32\wintypes.dll
0x00007ff98c1a0000 - 0x00007ff98c28a000 	C:\WINDOWS\System32\SHCORE.dll
0x00007ff98bbd0000 - 0x00007ff98bc2d000 	C:\WINDOWS\System32\shlwapi.dll
0x00007ff98aa90000 - 0x00007ff98aab1000 	C:\WINDOWS\SYSTEM32\profapi.dll
0x00007ff96d680000 - 0x00007ff96d68c000 	D:\software\jdk-17\bin\dt_socket.dll
0x00007ff989870000 - 0x00007ff98989d000 	C:\WINDOWS\SYSTEM32\IPHLPAPI.DLL
0x00007ff98a170000 - 0x00007ff98a1d7000 	C:\WINDOWS\system32\mswsock.dll
0x00007ff9898a0000 - 0x00007ff989988000 	C:\WINDOWS\SYSTEM32\DNSAPI.dll
0x00007ff98bdf0000 - 0x00007ff98bdf9000 	C:\WINDOWS\System32\NSI.dll
0x00007ff9828b0000 - 0x00007ff9828ba000 	C:\Windows\System32\rasadhlp.dll
0x00007ff983a30000 - 0x00007ff983ab1000 	C:\WINDOWS\System32\fwpuclnt.dll
0x00007ff96fde0000 - 0x00007ff96fdf8000 	D:\software\jdk-17\bin\zip.dll
0x00007ff970f80000 - 0x00007ff970f99000 	D:\software\jdk-17\bin\net.dll
0x00007ff9848d0000 - 0x00007ff9849dc000 	C:\WINDOWS\SYSTEM32\WINHTTP.dll
0x00007ff970d70000 - 0x00007ff970d85000 	D:\software\jdk-17\bin\nio.dll
0x00007ff984e10000 - 0x00007ff984e20000 	D:\software\jdk-17\bin\verify.dll

dbghelp: loaded successfully - version: 4.0.5 - missing functions: none
symbol engine: initialized successfully - sym options: 0x614 - pdb path: .;D:\software\jdk-17\bin;C:\WINDOWS\SYSTEM32;C:\WINDOWS\WinSxS\amd64_microsoft.windows.common-controls_6595b64144ccf1df_6.0.22000.120_none_9d947278b86cc467;D:\software\jdk-17\bin\server

VM Arguments:
jvm_args: -XX:+ShowCodeDetailsInExceptionMessages -agentlib:jdwp=transport=dt_socket,suspend=y,address=localhost:51171 -javaagent:C:\Users\EnriqueMV\eclipse\java-2021-12\eclipse\configuration\org.eclipse.osgi\224\0\.cp\lib\javaagent-shaded.jar -Dfile.encoding=Cp1252 
java_command: fes.aragon.inicio.Inicio
java_class_path (initial): C:\Users\EnriqueMV\OneDrive\Escritorio\Uni 1 semestre\Estructura de Datos\Estructura_de_DatosGit\Estructura de Datos\Herramientas-1\bin
Launcher Type: SUN_STANDARD

[Global flags]
     intx CICompilerCount                          = 4                                         {product} {ergonomic}
     uint ConcGCThreads                            = 3                                         {product} {ergonomic}
     uint G1ConcRefinementThreads                  = 10                                        {product} {ergonomic}
   size_t G1HeapRegionSize                         = 4194304                                   {product} {ergonomic}
    uintx GCDrainStackTargetSize                   = 64                                        {product} {ergonomic}
   size_t InitialHeapSize                          = 402653184                                 {product} {ergonomic}
   size_t MarkStackSize                            = 4194304                                   {product} {ergonomic}
   size_t MaxHeapSize                              = 6421479424                                {product} {ergonomic}
   size_t MaxNewSize                               = 3850371072                                {product} {ergonomic}
   size_t MinHeapDeltaBytes                        = 4194304                                   {product} {ergonomic}
   size_t MinHeapSize                              = 8388608                                   {product} {ergonomic}
    uintx NonNMethodCodeHeapSize                   = 5839372                                {pd product} {ergonomic}
    uintx NonProfiledCodeHeapSize                  = 122909434                              {pd product} {ergonomic}
    uintx ProfiledCodeHeapSize                     = 122909434                              {pd product} {ergonomic}
    uintx ReservedCodeCacheSize                    = 251658240                              {pd product} {ergonomic}
     bool SegmentedCodeCache                       = true                                      {product} {ergonomic}
     bool ShowCodeDetailsInExceptionMessages       = true                                   {manageable} {command line}
   size_t SoftMaxHeapSize                          = 6421479424                             {manageable} {ergonomic}
     bool UseCompressedClassPointers               = true                           {product lp64_product} {ergonomic}
     bool UseCompressedOops                        = true                           {product lp64_product} {ergonomic}
     bool UseG1GC                                  = true                                      {product} {ergonomic}
     bool UseLargePagesIndividualAllocation        = false                                  {pd product} {ergonomic}

Logging:
Log output configuration:
 #0: stdout all=warning uptime,level,tags
 #1: stderr all=off uptime,level,tags

Environment Variables:
JAVA_HOME=D:\software\jdk-17
PATH=D:/software/jdk-17/bin/server;D:/software/jdk-17/bin;D:\software\jdk-17\bin;C:\Program Files (x86)\Common Files\Oracle\Java\javapath;C:\Program Files (x86)\Common Files\Intel\Shared Libraries\redist\intel64\compiler;C:\Windows\system32;C:\Windows;C:\Windows\System32\Wbem;C:\Windows\System32\WindowsPowerShell\v1.0\;C:\Windows\System32\OpenSSH\;C:\Program Files (x86)\NVIDIA Corporation\PhysX\Common;C:\Program Files\NVIDIA Corporation\NVIDIA NvDLISR;C:\WINDOWS\system32;C:\WINDOWS;C:\WINDOWS\System32\Wbem;C:\WINDOWS\System32\WindowsPowerShell\v1.0\;C:\WINDOWS\System32\OpenSSH\;C:\MinGW\bin;C:\Program Files\dotnet\;C:\Program Files\Git\cmd;C:\Program Files (x86)\Calibre2\;C:\Users\EnriqueMV\AppData\Local\Microsoft\WindowsApps;C:\Users\EnriqueMV\AppData\Local\Programs\Microsoft VS Code\bin;C:\Users\EnriqueMV\.dotnet\tools;D:\software\jdk-17\bin;C:\Users\EnriqueMV\AppData\Local\Programs\Python\Python310\Scripts;C:\Users\EnriqueMV\AppData\Local\Programs\Python\Python310\;;C:\WINDOWS\system32;
USERNAME=EnriqueMV
OS=Windows_NT
PROCESSOR_IDENTIFIER=Intel64 Family 6 Model 165 Stepping 3, GenuineIntel



---------------  S Y S T E M  ---------------

OS:
 Windows 10 , 64 bit Build 22000 (10.0.22000.708)
OS uptime: 2 days 11:18 hours

CPU: total 12 (initial active 12) (6 cores per cpu, 2 threads per core) family 6 model 165 stepping 3 microcode 0xe0, cx8, cmov, fxsr, ht, mmx, 3dnowpref, sse, sse2, sse3, ssse3, sse4.1, sse4.2, popcnt, lzcnt, tsc, tscinvbit, avx, avx2, aes, erms, clmul, bmi1, bmi2, adx, fma, vzeroupper, clflush, clflushopt

Memory: 4k page, system-wide physical 24492M (12803M free)
TotalPageFile size 28910M (AvailPageFile size 9195M)
current process WorkingSet (physical memory assigned to process): 43M, peak: 46M
current process commit charge ("private bytes"): 484M, peak: 488M

vm_info: OpenJDK 64-Bit Server VM (17+35-2724) for windows-amd64 JRE (17+35-2724), built on Aug  5 2021 23:26:02 by "mach5one" with MS VC++ 16.8 (VS2019)

END.
